Determining if the pthread_create exist failed with the following output:
Change Dir: /home/salas/rys_ws/build/CMakeFiles/CMakeTmp

Run Build Command:/usr/bin/make "cmTryCompileExec360786379/fast"
/usr/bin/make -f CMakeFiles/cmTryCompileExec360786379.dir/build.make CMakeFiles/cmTryCompileExec360786379.dir/build
make[1]: se ingresa al directorio «/home/salas/rys_ws/build/CMakeFiles/CMakeTmp»
/usr/bin/cmake -E cmake_progress_report /home/salas/rys_ws/build/CMakeFiles/CMakeTmp/CMakeFiles 1
Building C object CMakeFiles/cmTryCompileExec360786379.dir/CheckSymbolExists.c.o
/usr/bin/cc    -o CMakeFiles/cmTryCompileExec360786379.dir/CheckSymbolExists.c.o   -c /home/salas/rys_ws/build/CMakeFiles/CMakeTmp/CheckSymbolExists.c
Linking C executable cmTryCompileExec360786379
/usr/bin/cmake -E cmake_link_script CMakeFiles/cmTryCompileExec360786379.dir/link.txt --verbose=1
/usr/bin/cc       CMakeFiles/cmTryCompileExec360786379.dir/CheckSymbolExists.c.o  -o cmTryCompileExec360786379 -rdynamic 
CMakeFiles/cmTryCompileExec360786379.dir/CheckSymbolExists.c.o: En la función `main':
CheckSymbolExists.c:(.text+0xa): referencia a `pthread_create' sin definir
collect2: error: ld returned 1 exit status
make[1]: se sale del directorio «/home/salas/rys_ws/build/CMakeFiles/CMakeTmp»
make[1]: *** [cmTryCompileExec360786379] Error 1
make: *** [cmTryCompileExec360786379/fast] Error 2

File /home/salas/rys_ws/build/CMakeFiles/CMakeTmp/CheckSymbolExists.c:
/* */
#include <pthread.h>

int main(int argc, char** argv)
{
  (void)argv;
#ifndef pthread_create
  return ((int*)(&pthread_create))[argc];
#else
  (void)argc;
  return 0;
#endif
}

Determining if the function pthread_create exists in the pthreads failed with the following output:
Change Dir: /home/salas/rys_ws/build/CMakeFiles/CMakeTmp

Run Build Command:/usr/bin/make "cmTryCompileExec241527092/fast"
/usr/bin/make -f CMakeFiles/cmTryCompileExec241527092.dir/build.make CMakeFiles/cmTryCompileExec241527092.dir/build
make[1]: se ingresa al directorio «/home/salas/rys_ws/build/CMakeFiles/CMakeTmp»
/usr/bin/cmake -E cmake_progress_report /home/salas/rys_ws/build/CMakeFiles/CMakeTmp/CMakeFiles 1
Building C object CMakeFiles/cmTryCompileExec241527092.dir/CheckFunctionExists.c.o
/usr/bin/cc   -DCHECK_FUNCTION_EXISTS=pthread_create   -o CMakeFiles/cmTryCompileExec241527092.dir/CheckFunctionExists.c.o   -c /usr/share/cmake-2.8/Modules/CheckFunctionExists.c
Linking C executable cmTryCompileExec241527092
/usr/bin/cmake -E cmake_link_script CMakeFiles/cmTryCompileExec241527092.dir/link.txt --verbose=1
/usr/bin/cc   -DCHECK_FUNCTION_EXISTS=pthread_create    CMakeFiles/cmTryCompileExec241527092.dir/CheckFunctionExists.c.o  -o cmTryCompileExec241527092 -rdynamic -lpthreads 
/usr/bin/ld: no se puede encontrar -lpthreads
make[1]: se sale del directorio «/home/salas/rys_ws/build/CMakeFiles/CMakeTmp»
collect2: error: ld returned 1 exit status
make[1]: *** [cmTryCompileExec241527092] Error 1
make: *** [cmTryCompileExec241527092/fast] Error 2


